2026-02-04 22:39:01,215 - __main__ - INFO - ================================================================================
2026-02-04 22:39:01,216 - __main__ - INFO - 🚀 DÉMARRAGE DU PIPELINE ETL
2026-02-04 22:39:01,216 - __main__ - INFO - ================================================================================
2026-02-04 22:39:01,216 - __main__ - INFO - 📥 [EXTRACT] Début de l'extraction des données source...
2026-02-04 22:39:01,216 - ETL.extract.extract_source - INFO - Connexion à la base source: localhost:5433/source_db
2026-02-04 22:39:53,332 - ETL.extract.extract_source - INFO - ✅ Extraction réussie: 6,365,077 lignes, 13 colonnes
2026-02-04 22:39:53,335 - __main__ - INFO - ✅ [EXTRACT] 6,365,077 transactions extraites avec succès
2026-02-04 22:39:53,335 - __main__ - INFO - 🔄 [TRANSFORM] Début de la transformation des données...
2026-02-04 22:39:53,335 - __main__ - INFO -   → Nettoyage des données...
2026-02-04 22:40:14,174 - ETL.transform.clean - INFO -   → Doublons supprimés: 0 lignes
2026-02-04 22:40:15,939 - ETL.transform.clean - INFO -   → Valeurs nulles remplacées: 0 valeurs
2026-02-04 22:40:18,480 - ETL.transform.clean - INFO -   → Réduction: 0 lignes supprimées (0.00%)
2026-02-04 22:40:18,480 - __main__ - INFO -   ✅ Nettoyage terminé: 6,365,077 → 6,365,077 lignes (doublons supprimés)
2026-02-04 22:40:18,480 - __main__ - INFO -   → Standardisation des colonnes...
2026-02-04 22:40:18,480 - ETL.transform.standardize - INFO -   → Colonnes renommées: 0 colonnes
2026-02-04 22:40:18,480 - __main__ - INFO -   ✅ Standardisation terminée: 13 colonnes
2026-02-04 22:40:18,481 - __main__ - INFO -   → Validation des données...
2026-02-04 22:40:18,486 - ETL.transform.validate - INFO -   → Validation montants: 6,365,077 montants valides (>= 0)
2026-02-04 22:40:18,630 - ETL.transform.validate - INFO -   → Validation origin_account: 6,365,077 comptes valides
2026-02-04 22:40:18,775 - ETL.transform.validate - INFO -   → Validation destination_account: 6,365,077 comptes valides
2026-02-04 22:40:18,775 - __main__ - INFO -   ✅ Validation réussie: toutes les données sont valides
2026-02-04 22:40:18,775 - __main__ - INFO - ✅ [TRANSFORM] Transformation terminée: 6,365,077 lignes prêtes pour le chargement
2026-02-04 22:40:18,775 - __main__ - INFO - 📤 [LOAD] Début du chargement dans le Data Warehouse...
2026-02-04 22:40:18,775 - __main__ - INFO -   → Chargement de dim_transaction_type...
2026-02-04 22:40:18,775 - ETL.load.load_dim_transaction_type - INFO - Connexion au DW: localhost:5434/dw_db
2026-02-04 22:40:18,779 - ETL.load.load_dim_transaction_type - ERROR - ❌ Erreur lors du chargement de dim_transaction_type: connection to server at "localhost" (::1), port 5434 failed: server closed the connection unexpectedly
	This probably means the server terminated abnormally
	before or while processing the request.

2026-02-04 22:40:18,779 - __main__ - ERROR - ================================================================================
2026-02-04 22:40:18,779 - __main__ - ERROR - ❌ ERREUR CRITIQUE DANS LE PIPELINE ETL
2026-02-04 22:40:18,779 - __main__ - ERROR - Type d'erreur: OperationalError
2026-02-04 22:40:18,779 - __main__ - ERROR - Message: connection to server at "localhost" (::1), port 5434 failed: server closed the connection unexpectedly
	This probably means the server terminated abnormally
	before or while processing the request.
Traceback (most recent call last):
  File "/Users/christaudreymbama/Documents/fraud-detection-platform/ETL/main_etl.py", line 71, in main
    load_dim_transaction_type(df)
  File "/Users/christaudreymbama/Documents/fraud-detection-platform/ETL/load/load_dim_transaction_type.py", line 13, in load_dim_transaction_type
    conn = get_connection(DW_DB)
           ^^^^^^^^^^^^^^^^^^^^^
  File "/Users/christaudreymbama/Documents/fraud-detection-platform/ETL/db.py", line 4, in get_connection
    return psycopg2.connect(**cfg)
           ^^^^^^^^^^^^^^^^^^^^^^^
  File "/Users/christaudreymbama/Documents/fraud-detection-platform/venv/lib/python3.12/site-packages/psycopg2/__init__.py", line 122, in connect
    conn = _connect(dsn, connection_factory=connection_factory, **kwasync)
           ^^^^^^^^^^^^^^^^^^^^^^^^^^^^^^^^^^^^^^^^^^^^^^^^^^^^^^^^^^^^^^^
psycopg2.OperationalError: connection to server at "localhost" (::1), port 5434 failed: server closed the connection unexpectedly
	This probably means the server terminated abnormally
	before or while processing the request.

2026-02-04 22:40:18,781 - __main__ - ERROR - ================================================================================
