2026-02-04 23:28:16,166 - __main__ - INFO - ================================================================================
2026-02-04 23:28:16,166 - __main__ - INFO - 🚀 DÉMARRAGE DU PIPELINE ETL
2026-02-04 23:28:16,166 - __main__ - INFO - ================================================================================
2026-02-04 23:28:16,166 - __main__ - INFO - 📥 [EXTRACT] Début de l'extraction des données source...
2026-02-04 23:28:16,166 - ETL.extract.extract_source - INFO - Connexion à la base source: localhost:5433/source_db
2026-02-04 23:29:14,859 - ETL.extract.extract_source - INFO - ✅ Extraction réussie: 6,365,077 lignes, 13 colonnes
2026-02-04 23:29:14,867 - __main__ - INFO - ✅ [EXTRACT] 6,365,077 transactions extraites avec succès
2026-02-04 23:29:14,867 - __main__ - INFO - 🔄 [TRANSFORM] Début de la transformation des données...
2026-02-04 23:29:14,867 - __main__ - INFO -   → Nettoyage des données...
2026-02-04 23:29:34,134 - ETL.transform.clean - INFO -   → Doublons supprimés: 0 lignes
2026-02-04 23:29:35,649 - ETL.transform.clean - INFO -   → Valeurs nulles remplacées: 0 valeurs
2026-02-04 23:29:38,199 - ETL.transform.clean - INFO -   → Réduction: 0 lignes supprimées (0.00%)
2026-02-04 23:29:38,199 - __main__ - INFO -   ✅ Nettoyage terminé: 6,365,077 → 6,365,077 lignes (doublons supprimés)
2026-02-04 23:29:38,199 - __main__ - INFO -   → Standardisation des colonnes...
2026-02-04 23:29:38,202 - ETL.transform.standardize - INFO -   → Colonnes renommées: 0 colonnes
2026-02-04 23:29:38,202 - __main__ - INFO -   ✅ Standardisation terminée: 13 colonnes
2026-02-04 23:29:38,202 - __main__ - INFO -   → Validation des données...
2026-02-04 23:29:38,208 - ETL.transform.validate - INFO -   → Validation montants: 6,365,077 montants valides (>= 0)
2026-02-04 23:29:38,362 - ETL.transform.validate - INFO -   → Validation origin_account: 6,365,077 comptes valides
2026-02-04 23:29:38,507 - ETL.transform.validate - INFO -   → Validation destination_account: 6,365,077 comptes valides
2026-02-04 23:29:38,507 - __main__ - INFO -   ✅ Validation réussie: toutes les données sont valides
2026-02-04 23:29:38,507 - __main__ - INFO - ✅ [TRANSFORM] Transformation terminée: 6,365,077 lignes prêtes pour le chargement
2026-02-04 23:29:38,507 - __main__ - INFO - 📤 [LOAD] Début du chargement dans le Data Warehouse...
2026-02-04 23:29:38,507 - __main__ - INFO -   → Chargement de dim_transaction_type...
2026-02-04 23:29:38,507 - ETL.load.load_dim_transaction_type - INFO - Connexion au DW: localhost:5434/dw_db
2026-02-04 23:29:39,428 - ETL.load.load_dim_transaction_type - INFO -   → 5 types de transactions uniques à charger: ['CASH_IN', 'DEBIT', 'TRANSFER', 'CASH_OUT', 'PAYMENT']
2026-02-04 23:29:39,467 - ETL.load.load_dim_transaction_type - INFO -   ✅ 5 types de transactions chargés dans dim_transaction_type
2026-02-04 23:29:39,467 - __main__ - INFO -   ✅ dim_transaction_type chargé
2026-02-04 23:29:39,467 - __main__ - INFO -   → Chargement de dim_account...
2026-02-04 23:29:39,467 - ETL.load.load_dim_account - INFO - → Chargement de dim_account...
2026-02-04 23:29:43,952 - ETL.load.load_dim_account - INFO -   → 6,353,307 comptes d'origine, 2,722,362 comptes de destination
2026-02-04 23:29:43,952 - ETL.load.load_dim_account - INFO -   → 9,073,900 comptes uniques à charger
