2026-02-05 00:04:41,737 - __main__ - INFO - ================================================================================
2026-02-05 00:04:41,737 - __main__ - INFO - 🚀 DÉMARRAGE DU PIPELINE ETL
2026-02-05 00:04:41,737 - __main__ - INFO - ================================================================================
2026-02-05 00:04:41,737 - __main__ - INFO - 📥 [EXTRACT] Début de l'extraction des données source...
2026-02-05 00:04:41,737 - ETL.extract.extract_source - INFO - Connexion à la base source: localhost:5433/source_db
2026-02-05 00:05:35,369 - ETL.extract.extract_source - INFO - ✅ Extraction réussie: 6,365,077 lignes, 13 colonnes
2026-02-05 00:05:35,372 - __main__ - INFO - ✅ [EXTRACT] 6,365,077 transactions extraites avec succès
2026-02-05 00:05:35,372 - __main__ - INFO - 🔄 [TRANSFORM] Début de la transformation des données...
2026-02-05 00:05:35,372 - __main__ - INFO -   → Nettoyage des données...
2026-02-05 00:05:54,884 - ETL.transform.clean - INFO -   → Doublons supprimés: 0 lignes
2026-02-05 00:05:56,232 - ETL.transform.clean - INFO -   → Valeurs nulles remplacées: 0 valeurs
2026-02-05 00:05:58,754 - ETL.transform.clean - INFO -   → Réduction: 0 lignes supprimées (0.00%)
2026-02-05 00:05:58,754 - __main__ - INFO -   ✅ Nettoyage terminé: 6,365,077 → 6,365,077 lignes (doublons supprimés)
2026-02-05 00:05:58,754 - __main__ - INFO -   → Standardisation des colonnes...
2026-02-05 00:05:58,755 - ETL.transform.standardize - INFO -   → Colonnes renommées: 0 colonnes
2026-02-05 00:05:58,755 - __main__ - INFO -   ✅ Standardisation terminée: 13 colonnes
2026-02-05 00:05:58,755 - __main__ - INFO -   → Validation des données...
2026-02-05 00:05:58,759 - ETL.transform.validate - INFO -   → Validation montants: 6,365,077 montants valides (>= 0)
2026-02-05 00:05:58,906 - ETL.transform.validate - INFO -   → Validation origin_account: 6,365,077 comptes valides
2026-02-05 00:05:59,053 - ETL.transform.validate - INFO -   → Validation destination_account: 6,365,077 comptes valides
2026-02-05 00:05:59,053 - __main__ - INFO -   ✅ Validation réussie: toutes les données sont valides
2026-02-05 00:05:59,053 - __main__ - INFO - ✅ [TRANSFORM] Transformation terminée: 6,365,077 lignes prêtes pour le chargement
2026-02-05 00:05:59,053 - __main__ - INFO - 📤 [LOAD] Début du chargement dans le Data Warehouse...
2026-02-05 00:05:59,053 - __main__ - INFO -   → Chargement de dim_transaction_type...
2026-02-05 00:05:59,053 - ETL.load.load_dim_transaction_type - INFO - Connexion au DW: localhost:5434/dw_db
2026-02-05 00:05:59,977 - ETL.load.load_dim_transaction_type - INFO -   → 5 types de transactions uniques à charger: ['DEBIT', 'PAYMENT', 'CASH_IN', 'CASH_OUT', 'TRANSFER']
2026-02-05 00:05:59,995 - ETL.load.load_dim_transaction_type - INFO -   ✅ 5 types de transactions chargés dans dim_transaction_type
2026-02-05 00:05:59,996 - __main__ - INFO -   ✅ dim_transaction_type chargé
2026-02-05 00:05:59,996 - __main__ - INFO -   → Chargement de dim_account...
2026-02-05 00:05:59,996 - ETL.load.load_dim_account - INFO - → Chargement de dim_account...
2026-02-05 00:06:04,909 - ETL.load.load_dim_account - INFO -   → 6,353,307 comptes d'origine, 2,722,362 comptes de destination
2026-02-05 00:06:04,910 - ETL.load.load_dim_account - INFO -   → 10 comptes uniques à charger (test limité)
2026-02-05 00:06:04,988 - ETL.load.load_dim_account - INFO - 🎉 Tous les comptes test (10) ont été chargés avec succès
2026-02-05 00:06:05,128 - __main__ - INFO -   ✅ dim_account chargé
2026-02-05 00:06:05,129 - __main__ - INFO -   → Chargement de dim_time...
2026-02-05 00:06:05,158 - ETL.load.load_dim_time - INFO -   → 743 pas de temps uniques à charger (min: 1, max: 743)
2026-02-05 00:06:05,312 - ETL.load.load_dim_time - INFO -   ✅ Batch 1: 743 pas de temps chargés
2026-02-05 00:06:05,313 - ETL.load.load_dim_time - INFO -   🎉 Tous les pas de temps ont été chargés avec succès
2026-02-05 00:06:05,313 - __main__ - INFO -   ✅ dim_time chargé
2026-02-05 00:06:05,313 - __main__ - INFO -   → Chargement de fact_transactions...
2026-02-05 00:06:05,319 - ETL.load.load_fact_transactions - INFO -   → Chargement des mappings de dimensions...
2026-02-05 00:06:08,062 - ETL.load.load_fact_transactions - INFO -   ✅ Mappings chargés: 10 comptes, 5 types, 743 pas de temps
2026-02-05 00:06:08,062 - ETL.load.load_fact_transactions - INFO -   → Début du chargement de 6,365,077 transactions (batch size: 10,000)
2026-02-05 00:06:08,068 - ETL.load.load_fact_transactions - ERROR - ❌ Erreur lors du chargement de fact_transactions: 'C1171661049'
2026-02-05 00:06:08,069 - __main__ - ERROR - ================================================================================
2026-02-05 00:06:08,069 - __main__ - ERROR - ❌ ERREUR CRITIQUE DANS LE PIPELINE ETL
2026-02-05 00:06:08,069 - __main__ - ERROR - Type d'erreur: KeyError
2026-02-05 00:06:08,069 - __main__ - ERROR - Message: 'C1171661049'
Traceback (most recent call last):
  File "/Users/christaudreymbama/Documents/fraud-detection-platform/ETL/main_etl.py", line 83, in main
    load_fact_transactions(df)
  File "/Users/christaudreymbama/Documents/fraud-detection-platform/ETL/load/load_fact_transactions.py", line 40, in load_fact_transactions
    account_map[r.origin_account],
    ~~~~~~~~~~~^^^^^^^^^^^^^^^^^^
KeyError: 'C1171661049'
2026-02-05 00:06:08,070 - __main__ - ERROR - ================================================================================
