2026-02-04 23:38:46,625 - __main__ - INFO - ================================================================================
2026-02-04 23:38:46,625 - __main__ - INFO - 🚀 DÉMARRAGE DU PIPELINE ETL
2026-02-04 23:38:46,625 - __main__ - INFO - ================================================================================
2026-02-04 23:38:46,625 - __main__ - INFO - 📥 [EXTRACT] Début de l'extraction des données source...
2026-02-04 23:38:46,625 - ETL.extract.extract_source - INFO - Connexion à la base source: localhost:5433/source_db
2026-02-04 23:39:36,542 - ETL.extract.extract_source - INFO - ✅ Extraction réussie: 6,365,077 lignes, 13 colonnes
2026-02-04 23:39:36,549 - __main__ - INFO - ✅ [EXTRACT] 6,365,077 transactions extraites avec succès
2026-02-04 23:39:36,549 - __main__ - INFO - 🔄 [TRANSFORM] Début de la transformation des données...
2026-02-04 23:39:36,549 - __main__ - INFO -   → Nettoyage des données...
2026-02-04 23:39:56,465 - ETL.transform.clean - INFO -   → Doublons supprimés: 0 lignes
2026-02-04 23:39:58,169 - ETL.transform.clean - INFO -   → Valeurs nulles remplacées: 0 valeurs
2026-02-04 23:40:00,659 - ETL.transform.clean - INFO -   → Réduction: 0 lignes supprimées (0.00%)
2026-02-04 23:40:00,659 - __main__ - INFO -   ✅ Nettoyage terminé: 6,365,077 → 6,365,077 lignes (doublons supprimés)
2026-02-04 23:40:00,660 - __main__ - INFO -   → Standardisation des colonnes...
2026-02-04 23:40:00,660 - ETL.transform.standardize - INFO -   → Colonnes renommées: 0 colonnes
2026-02-04 23:40:00,660 - __main__ - INFO -   ✅ Standardisation terminée: 13 colonnes
2026-02-04 23:40:00,660 - __main__ - INFO -   → Validation des données...
2026-02-04 23:40:00,664 - ETL.transform.validate - INFO -   → Validation montants: 6,365,077 montants valides (>= 0)
2026-02-04 23:40:00,809 - ETL.transform.validate - INFO -   → Validation origin_account: 6,365,077 comptes valides
2026-02-04 23:40:00,952 - ETL.transform.validate - INFO -   → Validation destination_account: 6,365,077 comptes valides
2026-02-04 23:40:00,952 - __main__ - INFO -   ✅ Validation réussie: toutes les données sont valides
2026-02-04 23:40:00,952 - __main__ - INFO - ✅ [TRANSFORM] Transformation terminée: 6,365,077 lignes prêtes pour le chargement
2026-02-04 23:40:00,952 - __main__ - INFO - 📤 [LOAD] Début du chargement dans le Data Warehouse...
2026-02-04 23:40:00,952 - __main__ - INFO -   → Chargement de dim_transaction_type...
2026-02-04 23:40:00,952 - ETL.load.load_dim_transaction_type - INFO - Connexion au DW: localhost:5434/dw_db
2026-02-04 23:40:01,857 - ETL.load.load_dim_transaction_type - INFO -   → 5 types de transactions uniques à charger: ['PAYMENT', 'CASH_OUT', 'CASH_IN', 'DEBIT', 'TRANSFER']
2026-02-04 23:40:01,875 - ETL.load.load_dim_transaction_type - INFO -   ✅ 5 types de transactions chargés dans dim_transaction_type
2026-02-04 23:40:01,876 - __main__ - INFO -   ✅ dim_transaction_type chargé
2026-02-04 23:40:01,876 - __main__ - INFO -   → Chargement de dim_account...
2026-02-04 23:40:01,876 - ETL.load.load_dim_account - INFO - → Chargement de dim_account...
2026-02-04 23:40:06,257 - ETL.load.load_dim_account - INFO -   → 6,353,307 comptes d'origine, 2,722,362 comptes de destination
2026-02-04 23:40:06,258 - ETL.load.load_dim_account - INFO -   → 9,073,900 comptes uniques à charger
