2026-02-05 02:09:52,759 - __main__ - INFO - ================================================================================
2026-02-05 02:09:52,759 - __main__ - INFO - 🚀 DÉMARRAGE DU PIPELINE ETL
2026-02-05 02:09:52,759 - __main__ - INFO - ================================================================================
2026-02-05 02:09:52,759 - __main__ - INFO - 📥 [EXTRACT] Début de l'extraction des données source...
2026-02-05 02:09:52,759 - ETL.extract.extract_source - INFO - Connexion à la base source: localhost:5433/source_db
2026-02-05 02:09:52,821 - ETL.extract.extract_source - INFO - ✅ Extraction réussie: 0 lignes, 13 colonnes
2026-02-05 02:09:52,821 - __main__ - INFO - ✅ [EXTRACT] 0 transactions extraites avec succès
2026-02-05 02:09:52,822 - __main__ - INFO - 🔄 [TRANSFORM] Début de la transformation des données...
2026-02-05 02:09:52,822 - __main__ - INFO -   → Nettoyage des données...
2026-02-05 02:09:52,823 - ETL.transform.clean - INFO -   → Doublons supprimés: 0 lignes
2026-02-05 02:09:52,823 - ETL.transform.clean - INFO -   → Valeurs nulles remplacées: 0 valeurs
2026-02-05 02:09:52,823 - ETL.transform.clean - INFO -   → Réduction: 0 lignes supprimées (0.00%)
2026-02-05 02:09:52,824 - __main__ - INFO -   ✅ Nettoyage terminé: 0 → 0 lignes (doublons supprimés)
2026-02-05 02:09:52,824 - __main__ - INFO -   → Standardisation des colonnes...
2026-02-05 02:09:52,825 - ETL.transform.standardize - INFO -   → Colonnes renommées: 0 colonnes
2026-02-05 02:09:52,825 - __main__ - INFO -   ✅ Standardisation terminée: 13 colonnes
2026-02-05 02:09:52,825 - __main__ - INFO -   → Validation des données...
2026-02-05 02:09:52,825 - ETL.transform.validate - INFO -   → Validation montants: 0 montants valides (>= 0)
2026-02-05 02:09:52,825 - ETL.transform.validate - INFO -   → Validation origin_account: 0 comptes valides
2026-02-05 02:09:52,826 - ETL.transform.validate - INFO -   → Validation destination_account: 0 comptes valides
2026-02-05 02:09:52,826 - __main__ - INFO -   ✅ Validation réussie: toutes les données sont valides
2026-02-05 02:09:52,826 - __main__ - INFO - ✅ [TRANSFORM] Transformation terminée: 0 lignes prêtes pour le chargement
2026-02-05 02:09:52,826 - __main__ - INFO - 📤 [LOAD] Début du chargement dans le Data Warehouse...
2026-02-05 02:09:52,826 - __main__ - INFO -   → Chargement de dim_transaction_type...
2026-02-05 02:09:52,826 - ETL.load.load_dim_transaction_type - INFO - Connexion au DW: localhost:5434/dw_db
2026-02-05 02:09:52,833 - ETL.load.load_dim_transaction_type - INFO -   → 0 types de transactions uniques à charger: []
2026-02-05 02:09:52,833 - ETL.load.load_dim_transaction_type - INFO -   ✅ 0 types de transactions chargés dans dim_transaction_type
2026-02-05 02:09:52,833 - __main__ - INFO -   ✅ dim_transaction_type chargé
2026-02-05 02:09:52,833 - __main__ - INFO -   → Chargement de dim_account...
2026-02-05 02:09:52,833 - ETL.load.load_dim_account - INFO - → Chargement de dim_account (mode flux : pas de liste complète en mémoire)...
2026-02-05 02:09:52,839 - ETL.load.load_dim_account - INFO -   → 0 lignes → 0 chunks de 50,000 lignes
2026-02-05 02:09:52,855 - ETL.load.load_dim_account - INFO - 🎉 Chargement dim_account terminé (traitement par flux, pas de saturation mémoire)
2026-02-05 02:09:52,855 - __main__ - INFO -   ✅ dim_account chargé
2026-02-05 02:09:52,855 - __main__ - INFO -   → Chargement de dim_time...
2026-02-05 02:09:52,863 - ETL.load.load_dim_time - WARNING -   → Aucun pas de temps à charger (colonne step vide).
2026-02-05 02:09:52,863 - __main__ - INFO -   ✅ dim_time chargé
2026-02-05 02:09:52,863 - __main__ - INFO -   → Chargement de fact_transactions...
2026-02-05 02:09:52,869 - ETL.load.load_fact_transactions - INFO -   → Chargement des mappings de dimensions...
2026-02-05 02:09:53,113 - ETL.load.load_fact_transactions - INFO -   ✅ Mappings chargés: 10 comptes, 5 types, 743 pas de temps
2026-02-05 02:09:53,113 - ETL.load.load_fact_transactions - INFO -   → Début du chargement de 0 transactions (batch size: 10,000)
2026-02-05 02:09:53,113 - ETL.load.load_fact_transactions - INFO -   ✅ 0 transactions chargées dans fact_transactions (0 batches)
2026-02-05 02:09:53,113 - __main__ - INFO -   ✅ fact_transactions chargé
2026-02-05 02:09:53,114 - __main__ - INFO - ✅ [LOAD] Chargement terminé avec succès
2026-02-05 02:09:53,114 - __main__ - INFO - 📊 [DATA MART] Construction du data mart ML...
2026-02-05 02:09:53,120 - ETL.data_mart.build_ml_mart - INFO -   → Suppression de l'ancienne table transactions_ml_mart si elle existe...
2026-02-05 02:09:53,121 - ETL.data_mart.build_ml_mart - INFO -   → Création de la table transactions_ml_mart...
2026-02-05 02:09:53,144 - ETL.data_mart.build_ml_mart - INFO -   ✅ Table transactions_ml_mart créée: 0 lignes
2026-02-05 02:09:53,144 - ETL.data_mart.build_ml_mart - ERROR - ❌ Erreur lors de la construction du data mart ML: division by zero
2026-02-05 02:09:53,144 - __main__ - ERROR - ================================================================================
2026-02-05 02:09:53,144 - __main__ - ERROR - ❌ ERREUR CRITIQUE DANS LE PIPELINE ETL
2026-02-05 02:09:53,144 - __main__ - ERROR - Type d'erreur: ZeroDivisionError
2026-02-05 02:09:53,144 - __main__ - ERROR - Message: division by zero
Traceback (most recent call last):
  File "/Users/christaudreymbama/Documents/fraud-detection-platform/ETL/main_etl.py", line 90, in main
    build_ml_mart()
  File "/Users/christaudreymbama/Documents/fraud-detection-platform/ETL/data_mart/build_ml_mart.py", line 43, in build_ml_mart
    logger.info(f"  → Statistiques: {fraud_count:,} fraudes ({fraud_count/row_count*100:.2f}%), {row_count-fraud_count:,} transactions normales")
                                                              ~~~~~~~~~~~^~~~~~~~~~
ZeroDivisionError: division by zero
2026-02-05 02:09:53,145 - __main__ - ERROR - ================================================================================
