2026-02-05 02:07:06,121 - __main__ - INFO - ================================================================================
2026-02-05 02:07:06,121 - __main__ - INFO - 🚀 DÉMARRAGE DU PIPELINE ETL
2026-02-05 02:07:06,121 - __main__ - INFO - ================================================================================
2026-02-05 02:07:06,121 - __main__ - INFO - 📥 [EXTRACT] Début de l'extraction des données source...
2026-02-05 02:07:06,121 - ETL.extract.extract_source - INFO - Connexion à la base source: localhost:5433/source_db
2026-02-05 02:07:06,378 - ETL.extract.extract_source - INFO - ✅ Extraction réussie: 0 lignes, 13 colonnes
2026-02-05 02:07:06,379 - __main__ - INFO - ✅ [EXTRACT] 0 transactions extraites avec succès
2026-02-05 02:07:06,379 - __main__ - INFO - 🔄 [TRANSFORM] Début de la transformation des données...
2026-02-05 02:07:06,379 - __main__ - INFO -   → Nettoyage des données...
2026-02-05 02:07:06,381 - ETL.transform.clean - INFO -   → Doublons supprimés: 0 lignes
2026-02-05 02:07:06,382 - ETL.transform.clean - INFO -   → Valeurs nulles remplacées: 0 valeurs
2026-02-05 02:07:06,382 - __main__ - ERROR - ================================================================================
2026-02-05 02:07:06,382 - __main__ - ERROR - ❌ ERREUR CRITIQUE DANS LE PIPELINE ETL
2026-02-05 02:07:06,382 - __main__ - ERROR - Type d'erreur: ZeroDivisionError
2026-02-05 02:07:06,382 - __main__ - ERROR - Message: division by zero
Traceback (most recent call last):
  File "/Users/christaudreymbama/Documents/fraud-detection-platform/ETL/main_etl.py", line 54, in main
    df = clean_data(df)
         ^^^^^^^^^^^^^^
  File "/Users/christaudreymbama/Documents/fraud-detection-platform/ETL/transform/clean.py", line 27, in clean_data
    logger.info(f"  → Réduction: {initial_count - final_count:,} lignes supprimées ({((initial_count - final_count) / initial_count * 100):.2f}%)")
                                                                                      ~~~~~~~~~~~~~~~~~~~~~~~~~~~~~~^~~~~~~~~~~~~~~
ZeroDivisionError: division by zero
2026-02-05 02:07:06,383 - __main__ - ERROR - ================================================================================
