2026-02-05 02:08:46,548 - __main__ - INFO - ================================================================================
2026-02-05 02:08:46,548 - __main__ - INFO - 🚀 DÉMARRAGE DU PIPELINE ETL
2026-02-05 02:08:46,548 - __main__ - INFO - ================================================================================
2026-02-05 02:08:46,548 - __main__ - INFO - 📥 [EXTRACT] Début de l'extraction des données source...
2026-02-05 02:08:46,548 - ETL.extract.extract_source - INFO - Connexion à la base source: localhost:5433/source_db
2026-02-05 02:08:46,607 - ETL.extract.extract_source - INFO - ✅ Extraction réussie: 0 lignes, 13 colonnes
2026-02-05 02:08:46,608 - __main__ - INFO - ✅ [EXTRACT] 0 transactions extraites avec succès
2026-02-05 02:08:46,608 - __main__ - INFO - 🔄 [TRANSFORM] Début de la transformation des données...
2026-02-05 02:08:46,608 - __main__ - INFO -   → Nettoyage des données...
2026-02-05 02:08:46,609 - ETL.transform.clean - INFO -   → Doublons supprimés: 0 lignes
2026-02-05 02:08:46,609 - ETL.transform.clean - INFO -   → Valeurs nulles remplacées: 0 valeurs
2026-02-05 02:08:46,610 - ETL.transform.clean - INFO -   → Réduction: 0 lignes supprimées (0.00%)
2026-02-05 02:08:46,610 - __main__ - INFO -   ✅ Nettoyage terminé: 0 → 0 lignes (doublons supprimés)
2026-02-05 02:08:46,610 - __main__ - INFO -   → Standardisation des colonnes...
2026-02-05 02:08:46,611 - ETL.transform.standardize - INFO -   → Colonnes renommées: 0 colonnes
2026-02-05 02:08:46,611 - __main__ - INFO -   ✅ Standardisation terminée: 13 colonnes
2026-02-05 02:08:46,611 - __main__ - INFO -   → Validation des données...
2026-02-05 02:08:46,611 - ETL.transform.validate - INFO -   → Validation montants: 0 montants valides (>= 0)
2026-02-05 02:08:46,611 - ETL.transform.validate - INFO -   → Validation origin_account: 0 comptes valides
2026-02-05 02:08:46,612 - ETL.transform.validate - INFO -   → Validation destination_account: 0 comptes valides
2026-02-05 02:08:46,612 - __main__ - INFO -   ✅ Validation réussie: toutes les données sont valides
2026-02-05 02:08:46,612 - __main__ - INFO - ✅ [TRANSFORM] Transformation terminée: 0 lignes prêtes pour le chargement
2026-02-05 02:08:46,612 - __main__ - INFO - 📤 [LOAD] Début du chargement dans le Data Warehouse...
2026-02-05 02:08:46,612 - __main__ - INFO -   → Chargement de dim_transaction_type...
2026-02-05 02:08:46,612 - ETL.load.load_dim_transaction_type - INFO - Connexion au DW: localhost:5434/dw_db
2026-02-05 02:08:46,619 - ETL.load.load_dim_transaction_type - INFO -   → 0 types de transactions uniques à charger: []
2026-02-05 02:08:46,619 - ETL.load.load_dim_transaction_type - INFO -   ✅ 0 types de transactions chargés dans dim_transaction_type
2026-02-05 02:08:46,619 - __main__ - INFO -   ✅ dim_transaction_type chargé
2026-02-05 02:08:46,619 - __main__ - INFO -   → Chargement de dim_account...
2026-02-05 02:08:46,619 - ETL.load.load_dim_account - INFO - → Chargement de dim_account (mode flux : pas de liste complète en mémoire)...
2026-02-05 02:08:46,628 - ETL.load.load_dim_account - INFO -   → 0 lignes → 0 chunks de 50,000 lignes
2026-02-05 02:08:46,712 - ETL.load.load_dim_account - INFO - 🎉 Chargement dim_account terminé (traitement par flux, pas de saturation mémoire)
2026-02-05 02:08:46,712 - __main__ - INFO -   ✅ dim_account chargé
2026-02-05 02:08:46,712 - __main__ - INFO -   → Chargement de dim_time...
2026-02-05 02:08:46,723 - ETL.load.load_dim_time - ERROR - ❌ Erreur lors du chargement de dim_time: min() iterable argument is empty
2026-02-05 02:08:46,723 - __main__ - ERROR - ================================================================================
2026-02-05 02:08:46,723 - __main__ - ERROR - ❌ ERREUR CRITIQUE DANS LE PIPELINE ETL
2026-02-05 02:08:46,723 - __main__ - ERROR - Type d'erreur: ValueError
2026-02-05 02:08:46,723 - __main__ - ERROR - Message: min() iterable argument is empty
Traceback (most recent call last):
  File "/Users/christaudreymbama/Documents/fraud-detection-platform/ETL/main_etl.py", line 79, in main
    load_dim_time(df)
  File "/Users/christaudreymbama/Documents/fraud-detection-platform/ETL/load/load_dim_time.py", line 18, in load_dim_time
    logger.info(f"  → {len(steps):,} pas de temps uniques à charger (min: {min(steps)}, max: {max(steps)})")
                                                                           ^^^^^^^^^^
ValueError: min() iterable argument is empty
2026-02-05 02:08:46,724 - __main__ - ERROR - ================================================================================
